<?xml version="1.0" encoding="UTF-8"?>
<coverage generated="1559744639258" clover="3.2.0">
  <project timestamp="1559744639258" name="All files">
    <metrics statements="4" coveredstatements="4" conditionals="2" coveredconditionals="2" methods="2" coveredmethods="1" elements="8" coveredelements="7" complexity="0" loc="4" ncloc="4" packages="1" files="1" classes="1"/>
    <file name="header.tsx" path="/Users/thomaskrupers/Sites/photo-uploader/web/components/layout/elements/header/header.tsx">
      <metrics statements="4" coveredstatements="4" conditionals="2" coveredconditionals="2" methods="2" coveredmethods="1"/>
      <line num="4" count="1" type="stmt"/>
      <line num="10" count="1" type="stmt"/>
      <line num="12" count="1" type="stmt"/>
      <line num="13" count="2" type="stmt"/>
    </file>
  </project>
</coverage>
