{"/Users/thomaskrupers/Sites/photo-uploader/web/components/layout/elements/header/header.tsx": {"path":"/Users/thomaskrupers/Sites/photo-uploader/web/components/layout/elements/header/header.tsx","statementMap":{"0":{"start":{"line":4,"column":13},"end":{"line":4,"column":35}},"1":{"start":{"line":10,"column":15},"end":{"line":10,"column":42}},"2":{"start":{"line":10,"column":21},"end":{"line":10,"column":42}},"3":{"start":{"line":12,"column":38},"end":{"line":44,"column":1}},"4":{"start":{"line":13,"column":4},"end":{"line":43,"column":13}}},"fnMap":{"0":{"name":"(anonymous_0)","decl":{"start":{"line":10,"column":15},"end":{"line":10,"column":16}},"loc":{"start":{"line":10,"column":21},"end":{"line":10,"column":42}},"line":10},"1":{"name":"(anonymous_1)","decl":{"start":{"line":12,"column":38},"end":{"line":12,"column":39}},"loc":{"start":{"line":13,"column":4},"end":{"line":43,"column":13}},"line":13}},"branchMap":{"0":{"loc":{"start":{"line":27,"column":17},"end":{"line":40,"column":17}},"type":"binary-expr","locations":[{"start":{"line":27,"column":17},"end":{"line":27,"column":29}},{"start":{"line":28,"column":20},"end":{"line":39,"column":37}}],"line":27}},"s":{"0":1,"1":1,"2":0,"3":1,"4":2},"f":{"0":0,"1":2},"b":{"0":[2,1]},"_coverageSchema":"43e27e138ebf9cfc5966b082cf9a028302ed4184","hash":"ea17e196cb5c75ff324c10a5669cda31944124f7"}
}
